INFO [2024-04-30 17:12:36] [[1]]
INFO [2024-04-30 17:12:36] Osteosarcoma
INFO [2024-04-30 17:12:36] 
INFO [2024-04-30 17:12:36] $filename
INFO [2024-04-30 17:12:36] [1] "./Output/Asoc_Osteosarcoma.png"
INFO [2024-04-30 17:12:36] 
INFO [2024-04-30 17:12:36] $col
INFO [2024-04-30 17:12:36] [1] "transparent"
INFO [2024-04-30 17:12:36] 
INFO [2024-04-30 17:12:36] $fill
INFO [2024-04-30 17:12:36] c("green", "blue", "red")
INFO [2024-04-30 17:12:36] 
INFO [2024-04-30 17:12:36] $alpha
INFO [2024-04-30 17:12:36] [1] 0.5
INFO [2024-04-30 17:12:36] 
INFO [2024-04-30 17:12:36] $imagetype
INFO [2024-04-30 17:12:36] [1] "png"
INFO [2024-04-30 17:12:36] 
INFO [2024-04-30 17:12:36] $resolution
INFO [2024-04-30 17:12:36] [1] 300
INFO [2024-04-30 17:12:36] 
INFO [2024-04-30 17:12:36] $fontfamily
INFO [2024-04-30 17:12:36] [1] "sans"
INFO [2024-04-30 17:12:36] 
INFO [2024-04-30 17:12:36] $cat.fontfamily
INFO [2024-04-30 17:12:36] [1] "sans"
INFO [2024-04-30 17:12:36] 
INFO [2024-04-30 17:12:36] $height
INFO [2024-04-30 17:12:36] [1] 800
INFO [2024-04-30 17:12:36] 
INFO [2024-04-30 17:12:36] $width
INFO [2024-04-30 17:12:36] [1] 800
INFO [2024-04-30 17:12:36] 
INFO [2024-04-30 17:12:36] $cex
INFO [2024-04-30 17:12:36] [1] 1
INFO [2024-04-30 17:12:36] 
INFO [2024-04-30 17:12:36] $cat.cex
INFO [2024-04-30 17:12:36] [1] 1
INFO [2024-04-30 17:12:36] 
INFO [2024-04-30 17:12:36] $cat.col
INFO [2024-04-30 17:12:36] [1] "black"
INFO [2024-04-30 17:12:36] 
